<?xml version="1.0" encoding="UTF-8"?>
<testsuites name="jest tests" tests="1" failures="0" errors="0" time="2.924">
  <testsuite name="reana_jupyterlab" errors="0" failures="0" skipped="0" timestamp="2024-08-12T16:56:41" time="2.345" tests="1">
    <testcase classname="reana_jupyterlab should be tested" name="reana_jupyterlab should be tested" time="0.002">
    </testcase>
  </testsuite>
</testsuites>